Using pre-set license
Built from '2021.1/release' branch; Version is '2021.1.0f1 (61a549675243) revision 6399305'; Using compiler version '192528614'; Build Type 'Release'
OS: 'Windows 10 Home; OS build 19042.928; Version 2009; 64bit' Language: 'pl' Physical Memory: 16226 MB
BatchMode: 1, IsHumanControllingUs: 0, StartBugReporterOnCrash: 0, Is64bit: 1, IsPro: 0

 COMMAND LINE ARGUMENTS:
C:\Program Files\UnityEditors\2021.1.0f1\Editor\Unity.exe
-adb2
-batchMode
-noUpm
-name
AssetImportWorker3
-projectPath
C:/Users/nibek/Documents/_unityProjects/Better serial number protection for unity
-logFile
Logs/AssetImportWorker3.log
-srvPort
62865
Successfully changed project path to: C:/Users/nibek/Documents/_unityProjects/Better serial number protection for unity
C:/Users/nibek/Documents/_unityProjects/Better serial number protection for unity
Using Asset Import Pipeline V2.
Refreshing native plugins compatible for Editor in 95.32 ms, found 2 plugins.
Preloading 0 native plugins for Editor in 0.00 ms.
Initialize engine version: 2021.1.0f1 (61a549675243)
[Subsystems] Discovering subsystems at path C:/Program Files/UnityEditors/2021.1.0f1/Editor/Data/Resources/UnitySubsystems
[Subsystems] Discovering subsystems at path C:/Users/nibek/Documents/_unityProjects/Better serial number protection for unity/Assets
GfxDevice: creating device client; threaded=0; jobified=0
Direct3D:
    Version:  Direct3D 11.0 [level 11.1]
    Renderer: NVIDIA GeForce GTX 1060 (ID=0x1c20)
    Vendor:   NVIDIA
    VRAM:     6052 MB
    Driver:   27.21.14.5709
Initialize mono
Mono path[0] = 'C:/Program Files/UnityEditors/2021.1.0f1/Editor/Data/Managed'
Mono path[1] = 'C:/Program Files/UnityEditors/2021.1.0f1/Editor/Data/MonoBleedingEdge/lib/mono/unityjit'
Mono config path = 'C:/Program Files/UnityEditors/2021.1.0f1/Editor/Data/MonoBleedingEdge/etc'
Using monoOptions --debugger-agent=transport=dt_socket,embedding=1,server=y,suspend=n,address=127.0.0.1:56000
Begin MonoManager ReloadAssembly
Registering precompiled unity dll's ...
Register platform support module: C:/Program Files/UnityEditors/2021.1.0f1/Editor/Data/PlaybackEngines/WebGLSupport/UnityEditor.WebGL.Extensions.dll
Register platform support module: C:/Program Files/UnityEditors/2021.1.0f1/Editor/Data/PlaybackEngines/WindowsStandaloneSupport/UnityEditor.WindowsStandalone.Extensions.dll
Register platform support module: C:/Program Files/UnityEditors/2021.1.0f1/Editor/Data/PlaybackEngines/LinuxStandaloneSupport/UnityEditor.LinuxStandalone.Extensions.dll
Registered in 0.016783 seconds.
Native extension for LinuxStandalone target not found
Native extension for WindowsStandalone target not found
Native extension for WebGL target not found
Refreshing native plugins compatible for Editor in 96.92 ms, found 2 plugins.
Preloading 0 native plugins for Editor in 0.00 ms.
Mono: successfully reloaded assembly
- Completed reload, in  4.162 seconds
Platform modules already initialized, skipping
Registering precompiled user dll's ...
Registered in 0.003628 seconds.
Begin MonoManager ReloadAssembly
Native extension for LinuxStandalone target not found
Native extension for WindowsStandalone target not found
Native extension for WebGL target not found
Refreshing native plugins compatible for Editor in 93.81 ms, found 2 plugins.
Preloading 0 native plugins for Editor in 0.00 ms.
Mono: successfully reloaded assembly
- Completed reload, in  1.215 seconds
Platform modules already initialized, skipping
========================================================================
Worker process is ready to serve import requests
Launched and connected shader compiler UnityShaderCompiler.exe after 0.09 seconds
Refreshing native plugins compatible for Editor in 0.55 ms, found 2 plugins.
Preloading 0 native plugins for Editor in 0.00 ms.
Unloading 3365 Unused Serialized files (Serialized files now loaded: 0)
System memory in use before: 128.5 MB.
System memory in use after: 128.6 MB.

Unloading 29 unused Assets to reduce memory usage. Loaded Objects now: 3817.
Total: 2.504800 ms (FindLiveObjects: 0.271600 ms CreateObjectMapping: 0.206200 ms MarkObjects: 1.918200 ms  DeleteObjects: 0.107900 ms)

========================================================================
Received Import Request.
  path: Assets/sprites/whitebox.png
  artifactKey: Guid(0597ae5386c888b48a671c53f220fd74) Importer(815301076,1909f56bfc062723c751e8b465ee728b)
Start importing Assets/sprites/whitebox.png using Guid(0597ae5386c888b48a671c53f220fd74) Importer(815301076,1909f56bfc062723c751e8b465ee728b)  -> (artifact id: '403c312c68db27922afbb43e5b925cf0') in 1.159456 seconds 
========================================================================
Received Import Request.
  Time since last request: 0.000356 seconds.
  path: Assets/sprites
  artifactKey: Guid(68f1402427f337748ba557a04a652d4a) Importer(815301076,1909f56bfc062723c751e8b465ee728b)
Start importing Assets/sprites using Guid(68f1402427f337748ba557a04a652d4a) Importer(815301076,1909f56bfc062723c751e8b465ee728b)  -> (artifact id: '0d752c1925e2dd14c62a792ddd8aaf83') in 0.005591 seconds 
========================================================================
Received Import Request.
  Time since last request: 152.879316 seconds.
  path: Assets/sprites/whiteframe.png
  artifactKey: Guid(2217be742b273184c8790c264bc95003) Importer(815301076,1909f56bfc062723c751e8b465ee728b)
Start importing Assets/sprites/whiteframe.png using Guid(2217be742b273184c8790c264bc95003) Importer(815301076,1909f56bfc062723c751e8b465ee728b)  -> (artifact id: 'e2630e977a27c339a926933a5c16e035') in 0.390511 seconds 
========================================================================
Received Import Request.
  Time since last request: 33.967418 seconds.
  path: Assets/sprites/whiteframe.png
  artifactKey: Guid(2217be742b273184c8790c264bc95003) Importer(815301076,1909f56bfc062723c751e8b465ee728b)
Start importing Assets/sprites/whiteframe.png using Guid(2217be742b273184c8790c264bc95003) Importer(815301076,1909f56bfc062723c751e8b465ee728b)  -> (artifact id: '5a62e5b157e8566e637c4331d08952ee') in 0.008322 seconds 
AssetImportWorkerClient::OnTransportError - code=2 error=End of file
